<?xml version="1.0" encoding="UTF-8"?>
<!-- Generated by org.testng.reporters.JUnitReportReporter -->
<testsuite skipped="0" hostname="ali-6c96cfe09833.local" name="buwai.research.java.efficientreflection.TestMethodReflection" tests="4" failures="0" timestamp="29 四月 2019 09:50:04 GMT" time="0.001" errors="0">
  <testcase name="testInvokeWithAccessible" time="0.000" classname="buwai.research.java.efficientreflection.TestMethodReflection"/>
  <testcase name="testInvoke" time="0.000" classname="buwai.research.java.efficientreflection.TestMethodReflection"/>
  <testcase name="testNormalInvoke" time="0.001" classname="buwai.research.java.efficientreflection.TestMethodReflection"/>
  <testcase name="testDeclaredMethod" time="0.000" classname="buwai.research.java.efficientreflection.TestMethodReflection"/>
</testsuite> <!-- buwai.research.java.efficientreflection.TestMethodReflection -->
