<?xml version="1.0" encoding="UTF-8"?>
<!-- Generated by org.testng.reporters.JUnitReportReporter -->
<testsuite skipped="0" hostname="ali-6c96cfe09833.local" name="buwai.research.java.efficientreflection.TestClassReflection" tests="2" failures="0" timestamp="29 四月 2019 09:50:09 GMT" time="42.795" errors="0">
  <testcase name="testClassForName" time="42.795" classname="buwai.research.java.efficientreflection.TestClassReflection"/>
  <testcase name="testClassGet" time="0.000" classname="buwai.research.java.efficientreflection.TestClassReflection"/>
</testsuite> <!-- buwai.research.java.efficientreflection.TestClassReflection -->
